INFO:     Started server process [25364]
INFO:     Waiting for application startup.
INFO:     Application startup complete.
INFO:     Uvicorn running on http://0.0.0.0:4101 (Press CTRL+C to quit)
[DEBUG AUTH] DB Query Error: (sqlite3.OperationalError) no such table: users
[SQL: SELECT users.id AS users_id, users.username AS users_username, users.hashed_password AS users_hashed_password, users.full_name AS users_full_name, users.is_admin AS users_is_admin, users.created_at AS users_created_at 
FROM users 
WHERE users.username = ?
 LIMIT ? OFFSET ?]
[parameters: ('BP26475', 1, 0)]
(Background on this error at: https://sqlalche.me/e/20/e3q8)
[DEBUG AUTH] User: BP26475, target_pernr: A509166, is_admin: True
INFO:     127.0.0.1:55697 - "GET /api/v1/notices/notices HTTP/1.1" 200 OK
[DEBUG AUTH] DB Query Error: (sqlite3.OperationalError) no such table: users
[SQL: SELECT users.id AS users_id, users.username AS users_username, users.hashed_password AS users_hashed_password, users.full_name AS users_full_name, users.is_admin AS users_is_admin, users.created_at AS users_created_at 
FROM users 
WHERE users.username = ?
 LIMIT ? OFFSET ?]
[parameters: ('BP26475', 1, 0)]
(Background on this error at: https://sqlalche.me/e/20/e3q8)
[DEBUG AUTH] User: BP26475, target_pernr: A509166, is_admin: True
[DEBUG] Calling XFI00250 with: {'PI_CARD_NUMC': '', 'PI_FR_DATE': '20260430', 'PI_TO_DATE': '20260513', 'PI_STATUS': 'A', 'PI_PERNR_O': 'A509166', 'PI_PERNR_R': 'A509166', 'PI_CALLSYS': 'P'}
[DEBUG] SAP Success. Rows: 8
[DEBUG] First row sample: {'BUKRS': 'HHIN', 'CARD_NUMC': '4336920004216764', 'CARD_CODE': 'KE41', 'APPR_DATE': '20260511', 'APPR_TIME': '103733', 'APPR_NUMC': '13608108', 'STATUS': 'B', 'SEND_DATE': '20260512', 'SEQN_NUMC': '000049', 'CANC_FLAG': 'Y', 'PERNR': 'A509166', 'NAME': 'ŔĚĹÂÁř', 'BELNR': '', 'GJAHR': '0000', 'KOSTL': 'NA072', 'PERPT_NM': '', 'STCD2': '3148210024', 'AFFI_NAME': 'Ă¶µµ˝ÂÂ÷±Ç  ąß¸Ĺ', 'PEPR_NAME': 'ÇŃ*Čń', 'INDE_TYPE': 'Ă¶µµ', 'INDE_CLAS': 'Ă¶µµ', 'AFFI_ADDR': '´ëŔü µż±¸ ÁßľÓ·Î 240 (ĽŇÁ¦µż)', 'KRW_AMT': '74900 ', 'KRW_HWBAS': '68091 ', 'KRW_HWSTE': '6809 ', 'KIND': 'ÇĎłŞÄ«µĺ', 'USE_NAME': 'ÇŃ±ąÁ¶Ľ±ÇŘľç', 'DOME_NAME': '±ął»', 'CARD_BRSCH': '630300', 'DOC_PERNR': '', 'DOC_PERNAME': '', 'DOC_DATE': '00000000', 'DOC_BUDAT': '00000000', 'DOC_STATUS': 'şńżëĂł¸® Ŕü', 'DOC_HKONT': '', 'DOC_HKNAME': '', 'DOC_COOBJ': '', 'DOC_TAX': '', 'DOC_SGTXT': '', 'BUCOD': '', 'BUCOD_NAME': ''}
INFO:     127.0.0.1:58751 - "GET /api/v1/cards/usages?card_num=&fr_date=20260430&to_date=20260513&pi_status=A HTTP/1.1" 200 OK
[DEBUG AUTH] DB Query Error: (sqlite3.OperationalError) no such table: users
[SQL: SELECT users.id AS users_id, users.username AS users_username, users.hashed_password AS users_hashed_password, users.full_name AS users_full_name, users.is_admin AS users_is_admin, users.created_at AS users_created_at 
FROM users 
WHERE users.username = ?
 LIMIT ? OFFSET ?]
[parameters: ('BP26475', 1, 0)]
(Background on this error at: https://sqlalche.me/e/20/e3q8)
[DEBUG AUTH] User: BP26475, target_pernr: A509166, is_admin: True
[DEBUG] Calling XFI00250 with: {'PI_CARD_NUMC': '', 'PI_FR_DATE': '20260430', 'PI_TO_DATE': '20260513', 'PI_STATUS': 'A', 'PI_PERNR_O': 'A509166', 'PI_PERNR_R': 'A509166', 'PI_CALLSYS': 'P'}
[DEBUG] SAP Success. Rows: 8
[DEBUG] First row sample: {'BUKRS': 'HHIN', 'CARD_NUMC': '4336920004216764', 'CARD_CODE': 'KE41', 'APPR_DATE': '20260511', 'APPR_TIME': '103733', 'APPR_NUMC': '13608108', 'STATUS': 'B', 'SEND_DATE': '20260512', 'SEQN_NUMC': '000049', 'CANC_FLAG': 'Y', 'PERNR': 'A509166', 'NAME': 'ŔĚĹÂÁř', 'BELNR': '', 'GJAHR': '0000', 'KOSTL': 'NA072', 'PERPT_NM': '', 'STCD2': '3148210024', 'AFFI_NAME': 'Ă¶µµ˝ÂÂ÷±Ç  ąß¸Ĺ', 'PEPR_NAME': 'ÇŃ*Čń', 'INDE_TYPE': 'Ă¶µµ', 'INDE_CLAS': 'Ă¶µµ', 'AFFI_ADDR': '´ëŔü µż±¸ ÁßľÓ·Î 240 (ĽŇÁ¦µż)', 'KRW_AMT': '74900 ', 'KRW_HWBAS': '68091 ', 'KRW_HWSTE': '6809 ', 'KIND': 'ÇĎłŞÄ«µĺ', 'USE_NAME': 'ÇŃ±ąÁ¶Ľ±ÇŘľç', 'DOME_NAME': '±ął»', 'CARD_BRSCH': '630300', 'DOC_PERNR': '', 'DOC_PERNAME': '', 'DOC_DATE': '00000000', 'DOC_BUDAT': '00000000', 'DOC_STATUS': 'şńżëĂł¸® Ŕü', 'DOC_HKONT': '', 'DOC_HKNAME': '', 'DOC_COOBJ': '', 'DOC_TAX': '', 'DOC_SGTXT': '', 'BUCOD': '', 'BUCOD_NAME': ''}
INFO:     127.0.0.1:62644 - "GET /api/v1/cards/usages?card_num=&fr_date=20260430&to_date=20260513&pi_status=A HTTP/1.1" 200 OK
[DEBUG AUTH] DB Query Error: (sqlite3.OperationalError) no such table: users
[SQL: SELECT users.id AS users_id, users.username AS users_username, users.hashed_password AS users_hashed_password, users.full_name AS users_full_name, users.is_admin AS users_is_admin, users.created_at AS users_created_at 
FROM users 
WHERE users.username = ?
 LIMIT ? OFFSET ?]
[parameters: ('BP26475', 1, 0)]
(Background on this error at: https://sqlalche.me/e/20/e3q8)
[DEBUG AUTH] User: BP26475, target_pernr: A509166, is_admin: True
INFO:     127.0.0.1:52424 - "GET /api/v1/notices/notices HTTP/1.1" 200 OK
[DEBUG AUTH] DB Query Error: (sqlite3.OperationalError) no such table: users
[SQL: SELECT users.id AS users_id, users.username AS users_username, users.hashed_password AS users_hashed_password, users.full_name AS users_full_name, users.is_admin AS users_is_admin, users.created_at AS users_created_at 
FROM users 
WHERE users.username = ?
 LIMIT ? OFFSET ?]
[parameters: ('BP26475', 1, 0)]
(Background on this error at: https://sqlalche.me/e/20/e3q8)
[DEBUG AUTH] User: BP26475, target_pernr: A509166, is_admin: True
INFO:     127.0.0.1:56720 - "GET /api/v1/contacts/list HTTP/1.1" 200 OK
[DEBUG AUTH] DB Query Error: (sqlite3.OperationalError) no such table: users
[SQL: SELECT users.id AS users_id, users.username AS users_username, users.hashed_password AS users_hashed_password, users.full_name AS users_full_name, users.is_admin AS users_is_admin, users.created_at AS users_created_at 
FROM users 
WHERE users.username = ?
 LIMIT ? OFFSET ?]
[parameters: ('BP26475', 1, 0)]
(Background on this error at: https://sqlalche.me/e/20/e3q8)
[DEBUG AUTH] User: BP26475, target_pernr: A509166, is_admin: True
INFO:     127.0.0.1:60175 - "GET /api/v1/notices/notices HTTP/1.1" 200 OK
[DEBUG AUTH] DB Query Error: (sqlite3.OperationalError) no such table: users
[SQL: SELECT users.id AS users_id, users.username AS users_username, users.hashed_password AS users_hashed_password, users.full_name AS users_full_name, users.is_admin AS users_is_admin, users.created_at AS users_created_at 
FROM users 
WHERE users.username = ?
 LIMIT ? OFFSET ?]
[parameters: ('BP26475', 1, 0)]
(Background on this error at: https://sqlalche.me/e/20/e3q8)
[DEBUG AUTH] User: BP26475, target_pernr: A509166, is_admin: True
INFO:     127.0.0.1:65036 - "GET /api/v1/notices/notices HTTP/1.1" 200 OK
[DEBUG AUTH] DB Query Error: (sqlite3.OperationalError) no such table: users
[SQL: SELECT users.id AS users_id, users.username AS users_username, users.hashed_password AS users_hashed_password, users.full_name AS users_full_name, users.is_admin AS users_is_admin, users.created_at AS users_created_at 
FROM users 
WHERE users.username = ?
 LIMIT ? OFFSET ?]
[parameters: ('BP26475', 1, 0)]
(Background on this error at: https://sqlalche.me/e/20/e3q8)
[DEBUG AUTH] User: BP26475, target_pernr: A509166, is_admin: True
INFO:     127.0.0.1:61289 - "GET /api/v1/notices/notices HTTP/1.1" 200 OK
[DEBUG AUTH] DB Query Error: (sqlite3.OperationalError) no such table: users
[SQL: SELECT users.id AS users_id, users.username AS users_username, users.hashed_password AS users_hashed_password, users.full_name AS users_full_name, users.is_admin AS users_is_admin, users.created_at AS users_created_at 
FROM users 
WHERE users.username = ?
 LIMIT ? OFFSET ?]
[parameters: ('BP26475', 1, 0)]
(Background on this error at: https://sqlalche.me/e/20/e3q8)
[DEBUG AUTH] User: BP26475, target_pernr: A509166, is_admin: True
INFO:     127.0.0.1:64206 - "GET /api/v1/admin/users HTTP/1.1" 200 OK
[DEBUG AUTH] DB Query Error: (sqlite3.OperationalError) no such table: users
[SQL: SELECT users.id AS users_id, users.username AS users_username, users.hashed_password AS users_hashed_password, users.full_name AS users_full_name, users.is_admin AS users_is_admin, users.created_at AS users_created_at 
FROM users 
WHERE users.username = ?
 LIMIT ? OFFSET ?]
[parameters: ('BP26475', 1, 0)]
(Background on this error at: https://sqlalche.me/e/20/e3q8)
[DEBUG AUTH] User: BP26475, target_pernr: A509166, is_admin: True
[DEBUG AUTH] DB Query Error: (sqlite3.OperationalError) no such table: users
[SQL: SELECT users.id AS users_id, users.username AS users_username, users.hashed_password AS users_hashed_password, users.full_name AS users_full_name, users.is_admin AS users_is_admin, users.created_at AS users_created_at 
FROM users 
WHERE users.username = ?
 LIMIT ? OFFSET ?]
[parameters: ('BP26475', 1, 0)]
(Background on this error at: https://sqlalche.me/e/20/e3q8)
[DEBUG AUTH] User: BP26475, target_pernr: A509166, is_admin: True
INFO:     127.0.0.1:60992 - "GET /api/v1/admin/contacts HTTP/1.1" 200 OK
INFO:     127.0.0.1:60993 - "GET /api/v1/admin/notices HTTP/1.1" 200 OK
[DEBUG AUTH] DB Query Error: (sqlite3.OperationalError) no such table: users
[SQL: SELECT users.id AS users_id, users.username AS users_username, users.hashed_password AS users_hashed_password, users.full_name AS users_full_name, users.is_admin AS users_is_admin, users.created_at AS users_created_at 
FROM users 
WHERE users.username = ?
 LIMIT ? OFFSET ?]
[parameters: ('BP26475', 1, 0)]
(Background on this error at: https://sqlalche.me/e/20/e3q8)
[DEBUG AUTH] User: BP26475, target_pernr: A509166, is_admin: True
INFO:     127.0.0.1:59735 - "PUT /api/v1/admin/notices/1 HTTP/1.1" 200 OK
[DEBUG AUTH] DB Query Error: (sqlite3.OperationalError) no such table: users
[SQL: SELECT users.id AS users_id, users.username AS users_username, users.hashed_password AS users_hashed_password, users.full_name AS users_full_name, users.is_admin AS users_is_admin, users.created_at AS users_created_at 
FROM users 
WHERE users.username = ?
 LIMIT ? OFFSET ?]
[parameters: ('BP26475', 1, 0)]
(Background on this error at: https://sqlalche.me/e/20/e3q8)
[DEBUG AUTH] User: BP26475, target_pernr: A509166, is_admin: True
INFO:     127.0.0.1:53776 - "GET /api/v1/admin/notices HTTP/1.1" 200 OK
[DEBUG AUTH] DB Query Error: (sqlite3.OperationalError) no such table: users
[SQL: SELECT users.id AS users_id, users.username AS users_username, users.hashed_password AS users_hashed_password, users.full_name AS users_full_name, users.is_admin AS users_is_admin, users.created_at AS users_created_at 
FROM users 
WHERE users.username = ?
 LIMIT ? OFFSET ?]
[parameters: ('BP26475', 1, 0)]
(Background on this error at: https://sqlalche.me/e/20/e3q8)
[DEBUG AUTH] User: BP26475, target_pernr: A509166, is_admin: True
INFO:     127.0.0.1:65125 - "PUT /api/v1/admin/contacts/1 HTTP/1.1" 200 OK
[DEBUG AUTH] DB Query Error: (sqlite3.OperationalError) no such table: users
[SQL: SELECT users.id AS users_id, users.username AS users_username, users.hashed_password AS users_hashed_password, users.full_name AS users_full_name, users.is_admin AS users_is_admin, users.created_at AS users_created_at 
FROM users 
WHERE users.username = ?
 LIMIT ? OFFSET ?]
[parameters: ('BP26475', 1, 0)]
(Background on this error at: https://sqlalche.me/e/20/e3q8)
[DEBUG AUTH] User: BP26475, target_pernr: A509166, is_admin: True
INFO:     127.0.0.1:62616 - "GET /api/v1/admin/contacts HTTP/1.1" 200 OK
[DEBUG AUTH] DB Query Error: (sqlite3.OperationalError) no such table: users
[SQL: SELECT users.id AS users_id, users.username AS users_username, users.hashed_password AS users_hashed_password, users.full_name AS users_full_name, users.is_admin AS users_is_admin, users.created_at AS users_created_at 
FROM users 
WHERE users.username = ?
 LIMIT ? OFFSET ?]
[parameters: ('BP26475', 1, 0)]
(Background on this error at: https://sqlalche.me/e/20/e3q8)
[DEBUG AUTH] User: BP26475, target_pernr: A509166, is_admin: True
INFO:     127.0.0.1:52661 - "GET /api/v1/notices/notices HTTP/1.1" 200 OK
[DEBUG AUTH] DB Query Error: (sqlite3.OperationalError) no such table: users
[SQL: SELECT users.id AS users_id, users.username AS users_username, users.hashed_password AS users_hashed_password, users.full_name AS users_full_name, users.is_admin AS users_is_admin, users.created_at AS users_created_at 
FROM users 
WHERE users.username = ?
 LIMIT ? OFFSET ?]
[parameters: ('BP26475', 1, 0)]
(Background on this error at: https://sqlalche.me/e/20/e3q8)
[DEBUG AUTH] User: BP26475, target_pernr: A509166, is_admin: True
INFO:     127.0.0.1:60635 - "GET /api/v1/contacts/list HTTP/1.1" 200 OK
[DEBUG AUTH] DB Query Error: (sqlite3.OperationalError) no such table: users
[SQL: SELECT users.id AS users_id, users.username AS users_username, users.hashed_password AS users_hashed_password, users.full_name AS users_full_name, users.is_admin AS users_is_admin, users.created_at AS users_created_at 
FROM users 
WHERE users.username = ?
 LIMIT ? OFFSET ?]
[parameters: ('BP26475', 1, 0)]
(Background on this error at: https://sqlalche.me/e/20/e3q8)
[DEBUG AUTH] User: BP26475, target_pernr: A509166, is_admin: True
INFO:     127.0.0.1:61036 - "GET /api/v1/notices/notices HTTP/1.1" 200 OK
